<?xml version="1.0" encoding="UTF-8"?>
<!-- Generated by org.testng.reporters.JUnitReportReporter -->
<testsuite hostname="shad-Inspiron-5579" name="Qantily.Testing" tests="8" failures="0" timestamp="17 Aug 2021 04:43:36 GMT" time="20.850" errors="0">
  <testcase name="register" time="4.180" classname="Qantily.Testing"/>
  <testcase name="add_picture2" time="4.075" classname="Qantily.Testing"/>
  <testcase name="third_checkbox_enabled" time="0.076" classname="Qantily.Testing"/>
  <testcase name="click_start_testing_now" time="4.135" classname="Qantily.Testing"/>
  <testcase name="add_picture" time="4.094" classname="Qantily.Testing"/>
  <testcase name="second_checkbox_enabled" time="0.075" classname="Qantily.Testing"/>
  <testcase name="first_checkbox_enabled" time="0.121" classname="Qantily.Testing"/>
  <testcase name="add_picture3" time="4.094" classname="Qantily.Testing"/>
</testsuite> <!-- Qantily.Testing -->
