<?xml version="1.0" encoding="UTF-8"?>
<!-- Generated by org.testng.reporters.JUnitReportReporter -->
<testsuite hostname="shad-Inspiron-5579" name="Qantily.Registeration" tests="39" failures="0" timestamp="17 Sep 2021 08:17:11 GMT" time="160.860" errors="1">
  <testcase name="checkbox_string1" time="4.074" classname="Qantily.Registeration"/>
  <testcase name="checkbox_string3" time="4.047" classname="Qantily.Registeration"/>
  <testcase name="verify_repeat_field" time="2.046" classname="Qantily.Registeration"/>
  <testcase name="social_logins_on_location" time="3.047" classname="Qantily.Registeration"/>
  <testcase name="first_checkbox_enabled" time="0.093" classname="Qantily.Registeration"/>
  <testcase name="third_checkbox_enabled" time="0.094" classname="Qantily.Registeration"/>
  <testcase name="Verify_phone_number_field_with_less_than_10_digits" time="6.249" classname="Qantily.Registeration"/>
  <testcase name="select_country" time="3.116" classname="Qantily.Registeration"/>
  <testcase name="click_start_testing_now" time="4.126" classname="Qantily.Registeration"/>
  <testcase name="verify_with_valid_email_address" time="6.298" classname="Qantily.Registeration"/>
  <testcase name="social_logins_on_details" time="3.081" classname="Qantily.Registeration"/>
  <testcase name="register" time="4.208" classname="Qantily.Registeration"/>
  <testcase name="verify_with_valid_repeat_password" time="8.375" classname="Qantily.Registeration"/>
  <testcase name="social_logins" time="3.057" classname="Qantily.Registeration"/>
  <testcase name="select_city" time="3.101" classname="Qantily.Registeration"/>
  <testcase name="verify_password_field" time="2.076" classname="Qantily.Registeration"/>
  <testcase name="verify_name_fields" time="2.038" classname="Qantily.Registeration"/>
  <testcase name="Verify_phone_number_field_with_10_zeros" time="7.176" classname="Qantily.Registeration"/>
  <testcase name="verify_state_field" time="2.038" classname="Qantily.Registeration"/>
  <testcase name="second_checkbox_enabled" time="0.123" classname="Qantily.Registeration"/>
  <testcase name="verify_with_invalid_repeat_password" time="6.245" classname="Qantily.Registeration"/>
  <testcase name="verify_contry_fields" time="2.044" classname="Qantily.Registeration"/>
  <testcase name="select_state" time="3.143" classname="Qantily.Registeration"/>
  <testcase name="verify_email_address_field" time="2.070" classname="Qantily.Registeration"/>
  <testcase name="verify_specified_fields" time="2.045" classname="Qantily.Registeration"/>
  <testcase name="verify_city_field" time="2.040" classname="Qantily.Registeration"/>
  <testcase name="checkbox_string2" time="4.042" classname="Qantily.Registeration"/>
  <testcase name="Verify_phone_number_field_with_minus_values" time="6.256" classname="Qantily.Registeration">
    <error type="junit.framework.ComparisonFailure" message="expected:&lt;Enter a valid [phone number]&gt; but was:&lt;Enter a valid [domain]&gt;">
      <![CDATA[junit.framework.ComparisonFailure: expected:<Enter a valid [phone number]> but was:<Enter a valid [domain]>
	at junit.framework.Assert.assertEquals(Assert.java:100)
	at junit.framework.Assert.assertEquals(Assert.java:107)
	at Qantily.Registeration.Verify_phone_number_field_with_minus_values(Registeration.java:475)
	at sun.reflect.NativeMethodAccessorImpl.invoke0(Native Method)
	at sun.reflect.NativeMethodAccessorImpl.invoke(NativeMethodAccessorImpl.java:62)
	at sun.reflect.DelegatingMethodAccessorImpl.invoke(DelegatingMethodAccessorImpl.java:43)
	at java.lang.reflect.Method.invoke(Method.java:498)
	at org.testng.internal.MethodInvocationHelper.invokeMethod(MethodInvocationHelper.java:84)
	at org.testng.internal.Invoker.invokeMethod(Invoker.java:714)
	at org.testng.internal.Invoker.invokeTestMethod(Invoker.java:901)
	at org.testng.internal.Invoker.invokeTestMethods(Invoker.java:1231)
	at org.testng.internal.TestMethodWorker.invokeTestMethods(TestMethodWorker.java:127)
	at org.testng.internal.TestMethodWorker.run(TestMethodWorker.java:111)
	at org.testng.TestRunner.privateRun(TestRunner.java:767)
	at org.testng.TestRunner.run(TestRunner.java:617)
	at org.testng.SuiteRunner.runTest(SuiteRunner.java:334)
	at org.testng.SuiteRunner.access$000(SuiteRunner.java:37)
	at org.testng.SuiteRunner$SuiteWorker.run(SuiteRunner.java:368)
	at org.testng.internal.thread.ThreadUtil$2.call(ThreadUtil.java:64)
	at java.util.concurrent.FutureTask.run(FutureTask.java:266)
	at java.util.concurrent.ThreadPoolExecutor.runWorker(ThreadPoolExecutor.java:1149)
	at java.util.concurrent.ThreadPoolExecutor$Worker.run(ThreadPoolExecutor.java:624)
	at java.lang.Thread.run(Thread.java:748)
]]>
    </error>
  </testcase> <!-- Verify_phone_number_field_with_minus_values -->
  <testcase name="verify_with_valid_phone_number" time="8.338" classname="Qantily.Registeration"/>
  <testcase name="verify_with_blank_domian" time="6.130" classname="Qantily.Registeration"/>
  <testcase name="Verify_phone_number_field_with_more_than_10_digits" time="7.196" classname="Qantily.Registeration"/>
  <testcase name="verify_with_valid_password" time="6.219" classname="Qantily.Registeration"/>
  <testcase name="verify_with_valid_domian" time="6.256" classname="Qantily.Registeration"/>
  <testcase name="email_address_field_without_Sign_domain" time="8.343" classname="Qantily.Registeration"/>
  <testcase name="verify_domain_field" time="2.059" classname="Qantily.Registeration"/>
  <testcase name="validation_on_numeric_field_phone_number_by_entering_alphabets_and_special_characters" time="6.377" classname="Qantily.Registeration"/>
  <testcase name="email_address_field_without_Sign" time="8.360" classname="Qantily.Registeration"/>
  <testcase name="verify_phone_field" time="2.069" classname="Qantily.Registeration"/>
  <testcase name="enter_name_fields" time="3.165" classname="Qantily.Registeration"/>
</testsuite> <!-- Qantily.Registeration -->
