<?xml version="1.0" encoding="UTF-8"?>
<!-- Generated by org.testng.reporters.JUnitReportReporter -->
<testsuite hostname="shad-Inspiron-5579" name="Qantily.ReportBug" tests="9" failures="0" timestamp="20 Sep 2021 07:29:33 GMT" time="25.597" errors="0">
  <testcase name="enter_value_in_description" time="2.210" classname="Qantily.ReportBug"/>
  <testcase name="login_before_project" time="8.567" classname="Qantily.ReportBug"/>
  <testcase name="Begin_Testing_button" time="2.116" classname="Qantily.ReportBug"/>
  <testcase name="Device_Used_For_Testing" time="2.123" classname="Qantily.ReportBug"/>
  <testcase name="click_on_submit" time="2.115" classname="Qantily.ReportBug"/>
  <testcase name="enter_value_Component" time="2.090" classname="Qantily.ReportBug"/>
  <testcase name="Report_a_Bug" time="2.108" classname="Qantily.ReportBug"/>
  <testcase name="enter_value_defect_summary" time="2.137" classname="Qantily.ReportBug"/>
  <testcase name="select_Severity" time="2.131" classname="Qantily.ReportBug"/>
</testsuite> <!-- Qantily.ReportBug -->
