<?xml version="1.0" encoding="UTF-8"?>
<!-- Generated by org.testng.reporters.JUnitReportReporter -->
<testsuite hostname="shad-Inspiron-5579" name="Qantily.NewTest" tests="1" failures="0" timestamp="14 Sep 2021 12:36:30 GMT" time="0.012" errors="0">
  <testcase name="f" time="0.012" classname="Qantily.NewTest"/>
</testsuite> <!-- Qantily.NewTest -->
